<?xml version="1.0" encoding="UTF-8"?>
<!-- Generated by org.testng.reporters.JUnitReportReporter -->
<testsuite hostname="DESKTOP-15RQ365" failures="0" tests="6" name="com.qa.hrm.testclass.HomepageTest" time="128.580" errors="0" timestamp="2022-11-25T04:13:38 GMT-08:00" skipped="0">
  <testcase classname="com.qa.hrm.testclass.HomepageTest" name="homepageTitleTest" time="21.044"/>
  <system-out/>
  <testcase classname="com.qa.hrm.testclass.HomepageTest" name="homepageLogoTest" time="9.352"/>
  <system-out/>
  <testcase classname="com.qa.hrm.testclass.HomepageTest" name="loginTest" time="17.470"/>
  <system-out/>
  <testcase classname="com.qa.hrm.testclass.HomepageTest" name="DataProviderTest" time="6.747"/>
  <system-out/>
  <testcase classname="com.qa.hrm.testclass.HomepageTest" name="DataProviderTest" time="23.342"/>
  <system-out/>
  <testcase classname="com.qa.hrm.testclass.HomepageTest" name="DataProviderTest" time="50.625"/>
  <system-out/>
</testsuite> <!-- com.qa.hrm.testclass.HomepageTest -->
