<?xml version="1.0" encoding="UTF-8"?>
<!-- Generated by org.testng.reporters.JUnitReportReporter -->
<testsuite hostname="DESKTOP-15RQ365" failures="0" tests="4" name="com.qa.hrm.testclass.HomepageTest" time="53.982" errors="0" timestamp="2022-11-24T12:57:43 GMT-08:00" skipped="1">
  <testcase classname="com.qa.hrm.testclass.HomepageTest" name="homepageTitleTest" time="11.313"/>
  <system-out/>
  <testcase classname="com.qa.hrm.testclass.HomepageTest" name="homepageLogoTest" time="26.216"/>
  <system-out/>
  <testcase classname="com.qa.hrm.testclass.HomepageTest" name="loginTest" time="16.453"/>
  <system-out/>
  <testcase classname="com.qa.hrm.testclass.HomepageTest" name="DataProviderTest">
    <skipped/>
  </testcase> <!-- DataProviderTest -->
  <system-out/>
</testsuite> <!-- com.qa.hrm.testclass.HomepageTest -->
